<?xml version="1.0" encoding="UTF-8"?>
<testsuite xmlns:xsi="http://www.w3.org/2001/XMLSchema-instance" xsi:noNamespaceSchemaLocation="https://maven.apache.org/surefire/maven-surefire-plugin/xsd/surefire-test-report.xsd" version="3.0.1" name="edu.unisabana.tyvs.registry.application.usecase.RegistryTest" time="3.423" tests="6" errors="0" skipped="0" failures="0">
  <properties>
[...]
</properties>
  <testcase name="shouldRegisterValidPerson" classname="edu.unisabana.tyvs.registry.application.usecase.RegistryTest" time="0.609"/>
  <testcase name="shouldRejectInvalidId" classname="edu.unisabana.tyvs.registry.application.usecase.RegistryTest" time="0.006"/>
  <testcase name="shouldFailWhenDatabaseConnectionIsInvalid" classname="edu.unisabana.tyvs.registry.application.usecase.RegistryTest" time="2.764"/>
  <testcase name="shouldRejectDeadPerson" classname="edu.unisabana.tyvs.registry.application.usecase.RegistryTest" time="0.004"/>
  <testcase name="shouldRejectDuplicatePerson" classname="edu.unisabana.tyvs.registry.application.usecase.RegistryTest" time="0.006"/>
  <testcase name="shouldRejectUnderagePerson" classname="edu.unisabana.tyvs.registry.application.usecase.RegistryTest" time="0.003"/>
</testsuite>